2019-10-27 22:02:11,238:: WARNING:: From /home/williamlaw/Desktop/Projects/Novel-Deep-Learning-Model-for-Traffic-Sign-Detection-Using-Capsule-Networks/model_base.py:91: The name tf.truncated_normal is deprecated. Please use tf.random.truncated_normal instead.

2019-10-27 22:02:11,295:: WARNING:: From <ipython-input-14-b27ddab8c87f>:57: calling dropout (from tensorflow.python.ops.nn_ops) with keep_prob is deprecated and will be removed in a future version.
Instructions for updating:
Please use `rate` instead of `keep_prob`. Rate should be set to `rate = 1 - keep_prob`.
2019-10-27 22:02:12,928:: WARNING:: 
The TensorFlow contrib module will not be included in TensorFlow 2.0.
For more information, please see:
  * https://github.com/tensorflow/community/blob/master/rfcs/20180907-contrib-sunset.md
  * https://github.com/tensorflow/addons
  * https://github.com/tensorflow/io (for I/O related ops)
If you depend on functionality not listed there, please file an issue.

2019-10-27 22:02:13,241:: WARNING:: From <ipython-input-13-dd02c8ee4fa1>:123: calling reduce_sum_v1 (from tensorflow.python.ops.math_ops) with keep_dims is deprecated and will be removed in a future version.
Instructions for updating:
keep_dims is deprecated, use keepdims instead
2019-10-27 22:02:13,276:: WARNING:: From <ipython-input-13-dd02c8ee4fa1>:41: calling softmax (from tensorflow.python.ops.nn_ops) with dim is deprecated and will be removed in a future version.
Instructions for updating:
dim is deprecated, use axis instead
2019-10-27 22:02:13,685:: WARNING:: From <ipython-input-14-b27ddab8c87f>:94: conv2d (from tensorflow.python.layers.convolutional) is deprecated and will be removed in a future version.
Instructions for updating:
Use `tf.keras.layers.Conv2D` instead.
2019-10-27 22:02:13,689:: WARNING:: From /home/williamlaw/anaconda3/envs/tensorflow/lib/python3.7/site-packages/tensorflow/python/ops/init_ops.py:1251: calling VarianceScaling.__init__ (from tensorflow.python.ops.init_ops) with dtype is deprecated and will be removed in a future version.
Instructions for updating:
Call initializer instance with the dtype argument instead of passing it to the constructor
2019-10-27 22:02:13,920:: WARNING:: From /home/williamlaw/anaconda3/envs/tensorflow/lib/python3.7/site-packages/tensorflow/python/ops/math_grad.py:1250: add_dispatch_support.<locals>.wrapper (from tensorflow.python.ops.array_ops) is deprecated and will be removed in a future version.
Instructions for updating:
Use tf.where in 2.0, which has the same broadcast rule as np.where
2019-10-27 22:02:14,387:: WARNING:: From /home/williamlaw/Desktop/Projects/Novel-Deep-Learning-Model-for-Traffic-Sign-Detection-Using-Capsule-Networks/model_base.py:134: The name tf.train.Saver is deprecated. Please use tf.compat.v1.train.Saver instead.

2019-10-27 22:02:14,441:: WARNING:: From /home/williamlaw/Desktop/Projects/Novel-Deep-Learning-Model-for-Traffic-Sign-Detection-Using-Capsule-Networks/model_base.py:135: The name tf.Session is deprecated. Please use tf.compat.v1.Session instead.

2019-10-27 22:02:14,633:: WARNING:: From /home/williamlaw/Desktop/Projects/Novel-Deep-Learning-Model-for-Traffic-Sign-Detection-Using-Capsule-Networks/model_base.py:137: The name tf.global_variables_initializer is deprecated. Please use tf.compat.v1.global_variables_initializer instead.

2019-10-27 22:02:15,736:: WARNING:: From /home/williamlaw/Desktop/Projects/Novel-Deep-Learning-Model-for-Traffic-Sign-Detection-Using-Capsule-Networks/model_base.py:139: The name tf.summary.merge_all is deprecated. Please use tf.compat.v1.summary.merge_all instead.

2019-10-27 22:02:15,738:: WARNING:: From /home/williamlaw/Desktop/Projects/Novel-Deep-Learning-Model-for-Traffic-Sign-Detection-Using-Capsule-Networks/model_base.py:144: The name tf.summary.FileWriter is deprecated. Please use tf.compat.v1.summary.FileWriter instead.

2019-10-27 22:04:59,628:: INFO:: ModelBase::Saving model ...
2019-10-27 22:05:00,256:: INFO:: ModelBase::Model successfully saved here: outputs/checkpoints/c1s_9_c1n_256_c2s_6_c2n_64_c2d_0.7_c1vl_16_c1s_5_c1nf_16_c2vl_32_lr_0.0001_rs_1--TrafficSign--1572228131.1023982
2019-10-27 22:11:49,818:: INFO:: ModelBase::Saving model ...
2019-10-27 22:11:53,787:: INFO:: ModelBase::Model successfully saved here: outputs/checkpoints/c1s_9_c1n_256_c2s_6_c2n_64_c2d_0.7_c1vl_16_c1s_5_c1nf_16_c2vl_32_lr_0.0001_rs_1--TrafficSign--1572228131.1023982
2019-10-27 22:18:44,518:: INFO:: ModelBase::Saving model ...
2019-10-27 22:18:47,868:: INFO:: ModelBase::Model successfully saved here: outputs/checkpoints/c1s_9_c1n_256_c2s_6_c2n_64_c2d_0.7_c1vl_16_c1s_5_c1nf_16_c2vl_32_lr_0.0001_rs_1--TrafficSign--1572228131.1023982
2019-10-27 22:25:46,049:: INFO:: ModelBase::Saving model ...
2019-10-27 22:25:50,900:: INFO:: ModelBase::Model successfully saved here: outputs/checkpoints/c1s_9_c1n_256_c2s_6_c2n_64_c2d_0.7_c1vl_16_c1s_5_c1nf_16_c2vl_32_lr_0.0001_rs_1--TrafficSign--1572228131.1023982
2019-10-27 22:32:45,249:: INFO:: ModelBase::Saving model ...
2019-10-27 22:32:49,862:: INFO:: ModelBase::Model successfully saved here: outputs/checkpoints/c1s_9_c1n_256_c2s_6_c2n_64_c2d_0.7_c1vl_16_c1s_5_c1nf_16_c2vl_32_lr_0.0001_rs_1--TrafficSign--1572228131.1023982
2019-10-27 22:39:50,735:: INFO:: ModelBase::Saving model ...
2019-10-27 22:39:53,971:: INFO:: ModelBase::Model successfully saved here: outputs/checkpoints/c1s_9_c1n_256_c2s_6_c2n_64_c2d_0.7_c1vl_16_c1s_5_c1nf_16_c2vl_32_lr_0.0001_rs_1--TrafficSign--1572228131.1023982
2019-10-27 22:46:25,541:: INFO:: ModelBase::Saving model ...
2019-10-27 22:46:29,044:: INFO:: ModelBase::Model successfully saved here: outputs/checkpoints/c1s_9_c1n_256_c2s_6_c2n_64_c2d_0.7_c1vl_16_c1s_5_c1nf_16_c2vl_32_lr_0.0001_rs_1--TrafficSign--1572228131.1023982
2019-10-27 22:52:59,299:: INFO:: ModelBase::Saving model ...
2019-10-27 22:53:04,080:: INFO:: ModelBase::Model successfully saved here: outputs/checkpoints/c1s_9_c1n_256_c2s_6_c2n_64_c2d_0.7_c1vl_16_c1s_5_c1nf_16_c2vl_32_lr_0.0001_rs_1--TrafficSign--1572228131.1023982
2019-10-28 19:57:04,991:: WARNING:: From /home/williamlaw/Desktop/Projects/Novel-Deep-Learning-Model-for-Traffic-Sign-Detection-Using-Capsule-Networks/model_base.py:91: The name tf.truncated_normal is deprecated. Please use tf.random.truncated_normal instead.

2019-10-28 19:57:05,045:: WARNING:: From <ipython-input-9-b27ddab8c87f>:57: calling dropout (from tensorflow.python.ops.nn_ops) with keep_prob is deprecated and will be removed in a future version.
Instructions for updating:
Please use `rate` instead of `keep_prob`. Rate should be set to `rate = 1 - keep_prob`.
2019-10-28 19:57:07,304:: WARNING:: 
The TensorFlow contrib module will not be included in TensorFlow 2.0.
For more information, please see:
  * https://github.com/tensorflow/community/blob/master/rfcs/20180907-contrib-sunset.md
  * https://github.com/tensorflow/addons
  * https://github.com/tensorflow/io (for I/O related ops)
If you depend on functionality not listed there, please file an issue.

2019-10-28 19:57:07,571:: WARNING:: From <ipython-input-8-dd02c8ee4fa1>:123: calling reduce_sum_v1 (from tensorflow.python.ops.math_ops) with keep_dims is deprecated and will be removed in a future version.
Instructions for updating:
keep_dims is deprecated, use keepdims instead
2019-10-28 19:57:07,614:: WARNING:: From <ipython-input-8-dd02c8ee4fa1>:41: calling softmax (from tensorflow.python.ops.nn_ops) with dim is deprecated and will be removed in a future version.
Instructions for updating:
dim is deprecated, use axis instead
2019-10-28 19:57:08,022:: WARNING:: From <ipython-input-9-b27ddab8c87f>:94: conv2d (from tensorflow.python.layers.convolutional) is deprecated and will be removed in a future version.
Instructions for updating:
Use `tf.keras.layers.Conv2D` instead.
2019-10-28 19:57:08,025:: WARNING:: From /home/williamlaw/anaconda3/envs/tensorflow/lib/python3.7/site-packages/tensorflow/python/ops/init_ops.py:1251: calling VarianceScaling.__init__ (from tensorflow.python.ops.init_ops) with dtype is deprecated and will be removed in a future version.
Instructions for updating:
Call initializer instance with the dtype argument instead of passing it to the constructor
2019-10-28 19:57:08,242:: WARNING:: From /home/williamlaw/anaconda3/envs/tensorflow/lib/python3.7/site-packages/tensorflow/python/ops/math_grad.py:1250: add_dispatch_support.<locals>.wrapper (from tensorflow.python.ops.array_ops) is deprecated and will be removed in a future version.
Instructions for updating:
Use tf.where in 2.0, which has the same broadcast rule as np.where
2019-10-28 19:57:08,769:: WARNING:: From /home/williamlaw/Desktop/Projects/Novel-Deep-Learning-Model-for-Traffic-Sign-Detection-Using-Capsule-Networks/model_base.py:134: The name tf.train.Saver is deprecated. Please use tf.compat.v1.train.Saver instead.

2019-10-28 19:57:08,827:: WARNING:: From /home/williamlaw/Desktop/Projects/Novel-Deep-Learning-Model-for-Traffic-Sign-Detection-Using-Capsule-Networks/model_base.py:135: The name tf.Session is deprecated. Please use tf.compat.v1.Session instead.

2019-10-28 19:57:08,952:: WARNING:: From /home/williamlaw/Desktop/Projects/Novel-Deep-Learning-Model-for-Traffic-Sign-Detection-Using-Capsule-Networks/model_base.py:137: The name tf.global_variables_initializer is deprecated. Please use tf.compat.v1.global_variables_initializer instead.

2019-10-28 19:57:10,169:: WARNING:: From /home/williamlaw/Desktop/Projects/Novel-Deep-Learning-Model-for-Traffic-Sign-Detection-Using-Capsule-Networks/model_base.py:139: The name tf.summary.merge_all is deprecated. Please use tf.compat.v1.summary.merge_all instead.

2019-10-28 19:57:10,172:: WARNING:: From /home/williamlaw/Desktop/Projects/Novel-Deep-Learning-Model-for-Traffic-Sign-Detection-Using-Capsule-Networks/model_base.py:144: The name tf.summary.FileWriter is deprecated. Please use tf.compat.v1.summary.FileWriter instead.

2019-10-28 19:59:28,177:: INFO:: ModelBase::Saving model ...
2019-10-28 19:59:29,229:: INFO:: ModelBase::Model successfully saved here: outputs/checkpoints/c1s_9_c1n_256_c2s_6_c2n_64_c2d_0.7_c1vl_16_c1s_5_c1nf_16_c2vl_32_lr_0.0001_rs_1--TrafficSign--1572307024.9001675
2019-10-28 20:04:07,129:: INFO:: ModelBase::Saving model ...
2019-10-28 20:04:10,336:: INFO:: ModelBase::Model successfully saved here: outputs/checkpoints/c1s_9_c1n_256_c2s_6_c2n_64_c2d_0.7_c1vl_16_c1s_5_c1nf_16_c2vl_32_lr_0.0001_rs_1--TrafficSign--1572307024.9001675
2019-10-28 20:08:48,583:: INFO:: ModelBase::Saving model ...
2019-10-28 20:08:51,902:: INFO:: ModelBase::Model successfully saved here: outputs/checkpoints/c1s_9_c1n_256_c2s_6_c2n_64_c2d_0.7_c1vl_16_c1s_5_c1nf_16_c2vl_32_lr_0.0001_rs_1--TrafficSign--1572307024.9001675
2019-10-28 20:13:27,572:: INFO:: ModelBase::Saving model ...
2019-10-28 20:13:31,641:: INFO:: ModelBase::Model successfully saved here: outputs/checkpoints/c1s_9_c1n_256_c2s_6_c2n_64_c2d_0.7_c1vl_16_c1s_5_c1nf_16_c2vl_32_lr_0.0001_rs_1--TrafficSign--1572307024.9001675
2019-10-28 20:18:04,063:: INFO:: ModelBase::Saving model ...
2019-10-28 20:18:08,908:: INFO:: ModelBase::Model successfully saved here: outputs/checkpoints/c1s_9_c1n_256_c2s_6_c2n_64_c2d_0.7_c1vl_16_c1s_5_c1nf_16_c2vl_32_lr_0.0001_rs_1--TrafficSign--1572307024.9001675
2019-10-28 20:22:44,030:: INFO:: ModelBase::Saving model ...
2019-10-28 20:22:48,818:: INFO:: ModelBase::Model successfully saved here: outputs/checkpoints/c1s_9_c1n_256_c2s_6_c2n_64_c2d_0.7_c1vl_16_c1s_5_c1nf_16_c2vl_32_lr_0.0001_rs_1--TrafficSign--1572307024.9001675
2019-10-28 20:27:19,185:: INFO:: ModelBase::Saving model ...
2019-10-28 20:27:24,219:: INFO:: ModelBase::Model successfully saved here: outputs/checkpoints/c1s_9_c1n_256_c2s_6_c2n_64_c2d_0.7_c1vl_16_c1s_5_c1nf_16_c2vl_32_lr_0.0001_rs_1--TrafficSign--1572307024.9001675
2019-10-28 20:32:04,123:: INFO:: ModelBase::Saving model ...
2019-10-28 20:32:07,305:: INFO:: ModelBase::Model successfully saved here: outputs/checkpoints/c1s_9_c1n_256_c2s_6_c2n_64_c2d_0.7_c1vl_16_c1s_5_c1nf_16_c2vl_32_lr_0.0001_rs_1--TrafficSign--1572307024.9001675
2019-10-28 20:36:51,783:: INFO:: ModelBase::Saving model ...
2019-10-28 20:36:55,119:: INFO:: ModelBase::Model successfully saved here: outputs/checkpoints/c1s_9_c1n_256_c2s_6_c2n_64_c2d_0.7_c1vl_16_c1s_5_c1nf_16_c2vl_32_lr_0.0001_rs_1--TrafficSign--1572307024.9001675
2019-10-28 20:41:30,049:: INFO:: ModelBase::Saving model ...
2019-10-28 20:41:33,279:: INFO:: ModelBase::Model successfully saved here: outputs/checkpoints/c1s_9_c1n_256_c2s_6_c2n_64_c2d_0.7_c1vl_16_c1s_5_c1nf_16_c2vl_32_lr_0.0001_rs_1--TrafficSign--1572307024.9001675
2019-10-28 20:46:02,361:: INFO:: ModelBase::Saving model ...
2019-10-28 20:46:05,496:: INFO:: ModelBase::Model successfully saved here: outputs/checkpoints/c1s_9_c1n_256_c2s_6_c2n_64_c2d_0.7_c1vl_16_c1s_5_c1nf_16_c2vl_32_lr_0.0001_rs_1--TrafficSign--1572307024.9001675
2019-10-28 20:50:44,378:: INFO:: ModelBase::Saving model ...
2019-10-28 20:50:47,806:: INFO:: ModelBase::Model successfully saved here: outputs/checkpoints/c1s_9_c1n_256_c2s_6_c2n_64_c2d_0.7_c1vl_16_c1s_5_c1nf_16_c2vl_32_lr_0.0001_rs_1--TrafficSign--1572307024.9001675
2019-10-28 20:55:23,363:: INFO:: ModelBase::Saving model ...
2019-10-28 20:55:26,985:: INFO:: ModelBase::Model successfully saved here: outputs/checkpoints/c1s_9_c1n_256_c2s_6_c2n_64_c2d_0.7_c1vl_16_c1s_5_c1nf_16_c2vl_32_lr_0.0001_rs_1--TrafficSign--1572307024.9001675
2019-11-02 12:26:35,408:: WARNING:: From /home/williamlaw/Desktop/Projects/Novel-Deep-Learning-Model-for-Traffic-Sign-Detection-Using-Capsule-Networks/model_base.py:91: The name tf.truncated_normal is deprecated. Please use tf.random.truncated_normal instead.

2019-11-02 12:26:35,495:: WARNING:: From <ipython-input-9-7e0e8eece87e>:26: calling dropout (from tensorflow.python.ops.nn_ops) with keep_prob is deprecated and will be removed in a future version.
Instructions for updating:
Please use `rate` instead of `keep_prob`. Rate should be set to `rate = 1 - keep_prob`.
2019-11-02 12:26:37,355:: WARNING:: 
The TensorFlow contrib module will not be included in TensorFlow 2.0.
For more information, please see:
  * https://github.com/tensorflow/community/blob/master/rfcs/20180907-contrib-sunset.md
  * https://github.com/tensorflow/addons
  * https://github.com/tensorflow/io (for I/O related ops)
If you depend on functionality not listed there, please file an issue.

2019-11-02 12:26:37,626:: WARNING:: From <ipython-input-8-86504401da71>:76: calling reduce_sum_v1 (from tensorflow.python.ops.math_ops) with keep_dims is deprecated and will be removed in a future version.
Instructions for updating:
keep_dims is deprecated, use keepdims instead
2019-11-02 12:32:14,169:: WARNING:: From <ipython-input-13-bf857b3c369d>:31: calling softmax (from tensorflow.python.ops.nn_ops) with dim is deprecated and will be removed in a future version.
Instructions for updating:
dim is deprecated, use axis instead
2019-11-02 12:32:14,541:: WARNING:: From <ipython-input-14-7e0e8eece87e>:55: conv2d (from tensorflow.python.layers.convolutional) is deprecated and will be removed in a future version.
Instructions for updating:
Use `tf.keras.layers.Conv2D` instead.
2019-11-02 12:32:14,544:: WARNING:: From /home/williamlaw/anaconda3/envs/tensorflow/lib/python3.7/site-packages/tensorflow/python/ops/init_ops.py:1251: calling VarianceScaling.__init__ (from tensorflow.python.ops.init_ops) with dtype is deprecated and will be removed in a future version.
Instructions for updating:
Call initializer instance with the dtype argument instead of passing it to the constructor
